01-05-2013 13:02:32,060 INFO  Thread-4 [com.network.monitor.service.RegisterServer]  - Register server started...
01-05-2013 13:02:32,068 INFO  Thread-5 [com.network.monitor.service.MonitoringInfoServer]  - MonitoringInfoServer started...
01-05-2013 13:02:32,068 INFO  Thread-6 [com.network.monitor.service.PeriodicalCheckService]  - *******Server List: 0
01-05-2013 13:03:34,788 INFO  Thread-4 [com.network.monitor.service.RegisterServer]  - Register server started...
01-05-2013 13:03:34,794 INFO  Thread-6 [com.network.monitor.service.PeriodicalCheckService]  - *******Server List: 0
01-05-2013 13:03:34,793 INFO  Thread-5 [com.network.monitor.service.MonitoringInfoServer]  - MonitoringInfoServer started...
01-05-2013 13:04:34,796 INFO  Thread-6 [com.network.monitor.service.PeriodicalCheckService]  - *******Server List: 0
01-05-2013 13:05:08,374 INFO  Thread-5 [com.network.monitor.service.MonitoringInfoServer]  - MonitoringInfoServer started...
01-05-2013 13:05:08,421 INFO  Thread-4 [com.network.monitor.service.RegisterServer]  - Register server started...
01-05-2013 13:05:08,430 INFO  Thread-6 [com.network.monitor.service.PeriodicalCheckService]  - *******Server List: 0
01-05-2013 13:05:43,466 INFO  Thread-5 [com.network.monitor.service.MonitoringInfoServer]  - MonitoringInfoServer started...
01-05-2013 13:05:43,518 INFO  Thread-4 [com.network.monitor.service.RegisterServer]  - Register server started...
01-05-2013 13:05:43,520 INFO  Thread-6 [com.network.monitor.service.PeriodicalCheckService]  - *******Server List: 0
01-05-2013 13:09:27,864 INFO  Thread-6 [com.network.monitor.service.PeriodicalCheckService]  - *******Server List: 0
01-05-2013 13:09:27,868 INFO  Thread-5 [com.network.monitor.service.MonitoringInfoServer]  - MonitoringInfoServer started...
01-05-2013 13:09:27,866 INFO  Thread-4 [com.network.monitor.service.RegisterServer]  - Register server started...
01-05-2013 13:11:36,958 INFO  Thread-4 [com.network.monitor.service.RegisterServer]  - Register server started...
01-05-2013 13:11:36,964 INFO  Thread-6 [com.network.monitor.service.PeriodicalCheckService]  - *******Server List: 0
01-05-2013 13:11:36,965 INFO  Thread-5 [com.network.monitor.service.MonitoringInfoServer]  - MonitoringInfoServer started...
01-05-2013 13:25:59,063 INFO  Thread-5 [com.network.monitor.service.MonitoringInfoServer]  - MonitoringInfoServer started...
01-05-2013 13:25:59,065 INFO  Thread-6 [com.network.monitor.service.PeriodicalCheckService]  - *******Server List: 0
01-05-2013 13:25:59,065 INFO  Thread-4 [com.network.monitor.service.RegisterServer]  - Register server started...
01-05-2013 13:26:21,342 INFO  AWT-EventQueue-0 [com.network.monitor.service.SMSNotificationService]  - Response code for chatDo: 200
01-05-2013 13:26:24,133 INFO  AWT-EventQueue-0 [com.network.monitor.service.SMSNotificationService]  - Response code for delete session: 200
01-05-2013 13:26:24,134 INFO  AWT-EventQueue-0 [com.network.monitor.service.SMSNotificationService]  - Session 0 has been successfully closed
01-05-2013 13:41:07,252 INFO  Thread-5 [com.network.monitor.service.MonitoringInfoServer]  - MonitoringInfoServer started...
01-05-2013 13:41:07,272 INFO  Thread-4 [com.network.monitor.service.RegisterServer]  - Register server started...
01-05-2013 13:41:07,274 INFO  Thread-6 [com.network.monitor.service.PeriodicalCheckService]  - *******Server List: 0
01-05-2013 13:42:17,931 INFO  Thread-4 [com.network.monitor.service.RegisterServer]  - Register server started...
01-05-2013 13:42:17,932 INFO  Thread-5 [com.network.monitor.service.MonitoringInfoServer]  - MonitoringInfoServer started...
01-05-2013 13:42:17,937 INFO  Thread-6 [com.network.monitor.service.PeriodicalCheckService]  - *******Server List: 0
01-05-2013 13:43:19,819 INFO  Thread-4 [com.network.monitor.service.RegisterServer]  - Register server started...
01-05-2013 13:43:19,857 INFO  Thread-5 [com.network.monitor.service.MonitoringInfoServer]  - MonitoringInfoServer started...
01-05-2013 13:43:19,869 INFO  Thread-6 [com.network.monitor.service.PeriodicalCheckService]  - *******Server List: 0
01-05-2013 13:45:35,691 INFO  Thread-4 [com.network.monitor.service.RegisterServer]  - Register server started...
01-05-2013 13:45:35,696 INFO  Thread-6 [com.network.monitor.service.PeriodicalCheckService]  - *******Server List: 0
01-05-2013 13:45:35,706 INFO  Thread-5 [com.network.monitor.service.MonitoringInfoServer]  - MonitoringInfoServer started...
01-05-2013 13:46:43,812 INFO  Thread-5 [com.network.monitor.service.MonitoringInfoServer]  - MonitoringInfoServer started...
01-05-2013 13:46:43,820 INFO  Thread-4 [com.network.monitor.service.RegisterServer]  - Register server started...
01-05-2013 13:46:43,821 INFO  Thread-6 [com.network.monitor.service.PeriodicalCheckService]  - *******Server List: 0
